<?xml version="1.0" encoding="UTF-8"?>
<testng-results skipped="0" failed="0" ignored="0" total="2" passed="2">
  <reporter-output>
  </reporter-output>
  <suite name="Surefire suite" duration-ms="22249" started-at="2020-12-28T03:29:00Z" finished-at="2020-12-28T03:29:23Z">
    <groups>
    </groups>
    <test name="Surefire test" duration-ms="22249" started-at="2020-12-28T03:29:00Z" finished-at="2020-12-28T03:29:23Z">
      <class name="org.rahulshettyacademy.DemoTest">
        <test-method status="PASS" signature="setup()[pri:0, instance:org.rahulshettyacademy.DemoTest@64616ca2]" name="setup" is-config="true" duration-ms="5214" started-at="2020-12-28T03:29:00Z" finished-at="2020-12-28T03:29:06Z">
          <reporter-output>
          </reporter-output>
        </test-method> <!-- setup -->
        <test-method status="PASS" signature="flightTest(java.util.HashMap)[pri:0, instance:org.rahulshettyacademy.DemoTest@64616ca2]" name="flightTest" duration-ms="10373" started-at="2020-12-28T03:29:06Z" data-provider="getData" finished-at="2020-12-28T03:29:16Z">
          <params>
            <param index="0">
              <value>
                <![CDATA[{destination=HYD, destination2=DEL, origin=MAA}]]>
              </value>
            </param>
          </params>
          <reporter-output>
          </reporter-output>
        </test-method> <!-- flightTest -->
        <test-method status="PASS" signature="flightTest(java.util.HashMap)[pri:0, instance:org.rahulshettyacademy.DemoTest@64616ca2]" name="flightTest" duration-ms="5360" started-at="2020-12-28T03:29:16Z" data-provider="getData" finished-at="2020-12-28T03:29:22Z">
          <params>
            <param index="0">
              <value>
                <![CDATA[{destination=HYD, destination2=MAA, origin=DEL}]]>
              </value>
            </param>
          </params>
          <reporter-output>
          </reporter-output>
        </test-method> <!-- flightTest -->
        <test-method status="PASS" signature="tearDown()[pri:0, instance:org.rahulshettyacademy.DemoTest@64616ca2]" name="tearDown" is-config="true" duration-ms="1010" started-at="2020-12-28T03:29:22Z" finished-at="2020-12-28T03:29:23Z">
          <reporter-output>
          </reporter-output>
        </test-method> <!-- tearDown -->
      </class> <!-- org.rahulshettyacademy.DemoTest -->
    </test> <!-- Surefire test -->
  </suite> <!-- Surefire suite -->
</testng-results>
